<?xml version="1.0" encoding="UTF-8"?>
<!-- Generated by org.testng.reporters.JUnitReportReporter -->
<testsuite skipped="0" hostname="DESKTOP-4CV1PKL" name="MavenSetup.flash.elements" tests="1" failures="0" timestamp="2021-03-31T13:30:26 IST" time="9.611" errors="0">
  <testcase name="test" time="9.611" classname="MavenSetup.flash.elements"/>
</testsuite> <!-- MavenSetup.flash.elements -->
